============================= test session starts ==============================
platform linux -- Python 3.11.0, pytest-8.2.2, pluggy-1.5.0
rootdir: /secure-application-cryptography
collected 6 items

tests/test_admin.py .                                                   [ 16%]
tests/test_auth.py .                                                    [ 33%]
tests/test_password.py ...                                              [ 83%]
tests/test_sql_injection.py .                                           [100%]

============================== 6 passed in 0.42s ===============================
